
#################################################################
#                                                               #
#            CrayPat-lite Performance Statistics                #
#                                                               #
#################################################################

CrayPat/X:  Version 6.4.5 Revision 87dd5b8  01/23/17 15:37:24
Experiment:                  lite  lite/gpu
Number of PEs (MPI ranks):      1
Numbers of PEs per Node:        1
Numbers of Threads per PE:      2
Number of Cores per Socket:    12
Execution start time:  Wed May  3 16:31:32 2017
System name and speed:  nid00039  2601 MHz (approx)
Intel haswell CPU  Family:  6  Model: 63  Stepping:  2


Avg Process Time: 0.71 secs        
High Memory:      99.4 MBytes 99.4 MBytes per PE

Table 1:  Accelerator Table by Function (top 10 functions shown)

   Host | Host |  Acc | Acc Copy | Acc Copy | Events |Function=[max10]
  Time% | Time | Time |       In |      Out |        | PE=HIDE
        |      |      | (MBytes) | (MBytes) |        |  Thread=HIDE
       
 100.0% | 0.00 | 0.15 |     0.00 |     0.00 |    738 |Total
|-----------------------------------------------------------------------------
|  24.5% | 0.00 | 0.00 |     0.00 |     0.00 |    202 |main_.ACC_COPY@li.178
|  20.3% | 0.00 |   -- |       -- |       -- |      1 |main_.ACC_DATA_REGION@li.116
|  12.9% | 0.00 | 0.14 |       -- |       -- |    200 |main_.ACC_ASYNC_KERNEL@li.178
|  11.3% | 0.00 |   -- |       -- |       -- |    200 |main_.ACC_REGION@li.178
|   9.5% | 0.00 |   -- |       -- |       -- |    100 |main_.ACC_SYNC_WAIT@li.178
|   8.2% | 0.00 | 0.00 |       -- |       -- |      1 |main_.ACC_COPY@li.116
|   3.3% | 0.00 |   -- |       -- |       -- |      1 |main_.ACC_DATA_REGION@li.178
|   3.0% | 0.00 | 0.00 |     0.00 |     0.00 |      8 |main_.ACC_COPY@li.157
|   2.3% | 0.00 | 0.00 |       -- |       -- |      1 |initmt_.ACC_ASYNC_KERNEL@li.210
|   1.5% | 0.00 | 0.00 |       -- |       -- |      1 |main_.ACC_COPY@li.194
|=============================================================================

Program invocation:  /tmp/himeno_v03.xcray+ptl645cuda

For a complete report with expanded tables and notes, run:
  pat_report /scratch/snx2000tds/piccinal/openacc/himeno_v03.xcray+ptl645cuda+23815-39t.ap2

For help identifying callers of particular functions:
  pat_report -O callers+src /scratch/snx2000tds/piccinal/openacc/himeno_v03.xcray+ptl645cuda+23815-39t.ap2
To see the entire call tree:
  pat_report -O calltree+src /scratch/snx2000tds/piccinal/openacc/himeno_v03.xcray+ptl645cuda+23815-39t.ap2

For interactive, graphical performance analysis, run:
  app2 /scratch/snx2000tds/piccinal/openacc/himeno_v03.xcray+ptl645cuda+23815-39t.ap2

================  End of CrayPat-lite output  ==========================
