
#################################################################
#                                                               #
#            CrayPat-lite Performance Statistics                #
#                                                               #
#################################################################

CrayPat/X:  Version 6.4.5 Revision 87dd5b8  01/23/17 15:37:24
Experiment:                  lite  lite/loop_profile
Number of PEs (MPI ranks):      1
Numbers of PEs per Node:        1
Numbers of Threads per PE:      1
Number of Cores per Socket:    12
Execution start time:  Wed May  3 14:32:16 2017
System name and speed:  nid00001  2601 MHz (approx)
Intel haswell CPU  Family:  6  Model: 63  Stepping:  2


Avg Process Time:  3.81 secs         
High Memory:      491.1 MBytes 491.1 MBytes per PE

Table 1:  Inclusive and Exclusive Time in Loops (from -hprofile_generate)

  Loop |     Loop |     Time |  Loop Hit |  Loop |  Loop |  Loop |Function=/.LOOP[.]
  Incl |     Incl |    (Loop |           | Trips | Trips | Trips |
 Time% |     Time |    Adj.) |           |   Avg |   Min |   Max |
|-----------------------------------------------------------------------------
| 95.9% | 3.624791 | 0.000028 |         2 |  51.5 |     3 |   100 |jacobi_.LOOP.1.li.279
| 82.5% | 3.117957 | 0.000332 |       103 | 126.0 |   126 |   126 |jacobi_.LOOP.2.li.288
| 82.5% | 3.117625 | 0.055314 |    12,978 | 126.0 |   126 |   126 |jacobi_.LOOP.3.li.289
| 81.0% | 3.062311 | 3.062311 | 1,635,228 | 254.0 |   254 |   254 |jacobi_.LOOP.4.li.290
| 13.4% | 0.506807 | 0.000202 |       103 | 126.0 |   126 |   126 |jacobi_.LOOP.5.li.314
| 13.4% | 0.506605 | 0.177669 |    12,978 | 126.0 |   126 |   126 |jacobi_.LOOP.6.li.315
|  8.7% | 0.328935 | 0.328935 | 1,635,228 | 254.0 |   254 |   254 |jacobi_.LOOP.7.li.316
|  3.1% | 0.115515 | 0.000002 |         1 | 129.0 |   129 |   129 |initmt_.LOOP.1.li.212
|  3.1% | 0.115513 | 0.000189 |       129 | 129.0 |   129 |   129 |initmt_.LOOP.2.li.213
|  3.1% | 0.115324 | 0.115324 |    16,641 | 257.0 |   257 |   257 |initmt_.LOOP.3.li.214
|  1.0% | 0.038181 | 0.000003 |         1 | 128.0 |   128 |   128 |initmt_.LOOP.4.li.235
|  1.0% | 0.038179 | 0.001224 |       128 | 128.0 |   128 |   128 |initmt_.LOOP.5.li.236
|  1.0% | 0.036955 | 0.036955 |    16,384 | 256.0 |   256 |   256 |initmt_.LOOP.6.li.237
|=============================================================================

Program invocation:  /tmp/himeno_v02.xcray+ptl645loops

For a complete report with expanded tables and notes, run:
  pat_report /scratch/snx2000tds/piccinal/openacc/himeno_v02.xcray+ptl645loops+6740-1t.ap2

For help identifying callers of particular functions:
  pat_report -O callers+src /scratch/snx2000tds/piccinal/openacc/himeno_v02.xcray+ptl645loops+6740-1t.ap2
To see the entire call tree:
  pat_report -O calltree+src /scratch/snx2000tds/piccinal/openacc/himeno_v02.xcray+ptl645loops+6740-1t.ap2

For interactive, graphical performance analysis, run:
  app2 /scratch/snx2000tds/piccinal/openacc/himeno_v02.xcray+ptl645loops+6740-1t.ap2

================  End of CrayPat-lite output  ==========================
