
#################################################################
#                                                               #
#            CrayPat-lite Performance Statistics                #
#                                                               #
#################################################################

CrayPat/X:  Version 6.4.5 Revision 87dd5b8  01/23/17 15:37:24
Experiment:                  lite  lite/gpu
Number of PEs (MPI ranks):      1
Numbers of PEs per Node:        1
Numbers of Threads per PE:      2
Number of Cores per Socket:    12
Execution start time:  Wed May  3 16:31:29 2017
System name and speed:  nid00005  2601 MHz (approx)
Intel haswell CPU  Family:  6  Model: 63  Stepping:  2


Avg Process Time:  6.65 secs         
High Memory:      555.9 MBytes 555.9 MBytes per PE

Table 1:  Accelerator Table by Function (top 10 functions shown)

   Host | Host |  Acc | Acc Copy | Acc Copy | Events |Function=[max10]
  Time% | Time | Time |       In |      Out |        | PE=HIDE
        |      |      | (MBytes) | (MBytes) |        |  Thread=HIDE
       
 100.0% | 0.01 | 5.40 |   47,051 |    3,361 |    515 |Total
|-----------------------------------------------------------------------------
|  79.9% | 0.01 | 5.11 |   45,680 |    3,263 |    200 |main_.ACC_COPY@li.178
|   5.8% | 0.00 | 0.17 |    1,370 |    97.89 |      6 |main_.ACC_COPY@li.157
|   4.8% | 0.00 |   -- |       -- |       -- |    100 |main_.ACC_REGION@li.178
|   4.4% | 0.00 | 0.12 |       -- |       -- |    100 |main_.ACC_ASYNC_KERNEL@li.178
|   4.0% | 0.00 |   -- |       -- |       -- |    100 |main_.ACC_SYNC_WAIT@li.178
|=============================================================================

Program invocation:  /tmp/himeno_v01.xcray+ptl645cuda

For a complete report with expanded tables and notes, run:
  pat_report /scratch/snx2000tds/piccinal/openacc/himeno_v01.xcray+ptl645cuda+1069-5t.ap2

For help identifying callers of particular functions:
  pat_report -O callers+src /scratch/snx2000tds/piccinal/openacc/himeno_v01.xcray+ptl645cuda+1069-5t.ap2
To see the entire call tree:
  pat_report -O calltree+src /scratch/snx2000tds/piccinal/openacc/himeno_v01.xcray+ptl645cuda+1069-5t.ap2

For interactive, graphical performance analysis, run:
  app2 /scratch/snx2000tds/piccinal/openacc/himeno_v01.xcray+ptl645cuda+1069-5t.ap2

================  End of CrayPat-lite output  ==========================
